#
# There is insufficient memory for the Java Runtime Environment to continue.
# Native memory allocation (malloc) failed to allocate 1970992 bytes for Chunk::new
# Possible reasons:
#   The system is out of physical RAM or swap space
#   The process is running with CompressedOops enabled, and the Java Heap may be blocking the growth of the native heap
# Possible solutions:
#   Reduce memory load on the system
#   Increase physical memory or swap space
#   Check if swap backing store is full
#   Decrease Java heap size (-Xmx/-Xms)
#   Decrease number of Java threads
#   Decrease Java thread stack sizes (-Xss)
#   Set larger code cache with -XX:ReservedCodeCacheSize=
#   JVM is running with Unscaled Compressed Oops mode in which the Java heap is
#     placed in the first 4GB address space. The Java Heap base address is the
#     maximum limit for the native heap growth. Please use -XX:HeapBaseMinAddress
#     to set the Java Heap base and to place the Java Heap above 4GB virtual address.
# This output file may be truncated or incomplete.
#
#  Out of Memory Error (allocation.cpp:389), pid=6480, tid=0x00000000000027b0
#
# JRE version: OpenJDK Runtime Environment (8.0_242-b01) (build 1.8.0_242-release-1644-b01)
# Java VM: OpenJDK 64-Bit Server VM (25.242-b01 mixed mode windows-amd64 compressed oops)
# Failed to write core dump. Minidumps are not enabled by default on client versions of Windows
#

---------------  T H R E A D  ---------------

Current thread (0x0000000019f6d800):  JavaThread "C2 CompilerThread2" daemon [_thread_in_native, id=10160, stack(0x000000001a8d0000,0x000000001a9d0000)]

Stack: [0x000000001a8d0000,0x000000001a9d0000]
[error occurred during error reporting (printing stack bounds), id 0xc0000005]

Native frames: (J=compiled Java code, j=interpreted, Vv=VM code, C=native code)


Current CompileTask:
C2:14591376 30739   !   4       com.android.tools.r8.dex.r::b (2682 bytes)


---------------  P R O C E S S  ---------------

Java Threads: ( => current thread )
  0x00000000220fc000 JavaThread "WorkerExecutor Queue Thread 11" [_thread_blocked, id=18664, stack(0x000000002cd20000,0x000000002ce20000)]
  0x00000000220fb800 JavaThread "ForkJoinPool.commonPool-worker-2" daemon [_thread_blocked, id=12792, stack(0x000000002f810000,0x000000002f910000)]
  0x00000000220fa800 JavaThread "ForkJoinPool.commonPool-worker-0" daemon [_thread_blocked, id=20836, stack(0x000000002f610000,0x000000002f710000)]
  0x00000000220f7800 JavaThread "ForkJoinPool.commonPool-worker-7" daemon [_thread_blocked, id=25144, stack(0x000000002f240000,0x000000002f340000)]
  0x00000000216bb800 JavaThread "ForkJoinPool.commonPool-worker-6" daemon [_thread_blocked, id=16408, stack(0x000000002f3a0000,0x000000002f4a0000)]
  0x00000000216c1800 JavaThread "ForkJoinPool.commonPool-worker-5" daemon [_thread_blocked, id=16160, stack(0x000000002e9e0000,0x000000002eae0000)]
  0x00000000216c0000 JavaThread "ForkJoinPool.commonPool-worker-4" daemon [_thread_blocked, id=22140, stack(0x000000002d2e0000,0x000000002d3e0000)]
  0x00000000216ba800 JavaThread "WorkerExecutor Queue Thread 10" [_thread_blocked, id=21084, stack(0x000000002d020000,0x000000002d120000)]
  0x00000000216bf000 JavaThread "WorkerExecutor Queue Thread 9" [_thread_blocked, id=14432, stack(0x000000002cf20000,0x000000002d020000)]
  0x00000000216b7800 JavaThread "WorkerExecutor Queue Thread 6" [_thread_blocked, id=18088, stack(0x000000002cc20000,0x000000002cd20000)]
  0x00000000216b6000 JavaThread "WorkerExecutor Queue Thread 5" [_thread_blocked, id=16472, stack(0x000000002cb20000,0x000000002cc20000)]
  0x00000000216bd000 JavaThread "WorkerExecutor Queue Thread 4" [_thread_blocked, id=10052, stack(0x000000002ca20000,0x000000002cb20000)]
  0x00000000216b9000 JavaThread "WorkerExecutor Queue Thread 3" [_thread_blocked, id=8420, stack(0x000000002c920000,0x000000002ca20000)]
  0x00000000216b3000 JavaThread "Cache worker for Java compile cache (D:\AndroidStudioProject\Pro1\.gradle\6.1.1\javaCompile)" [_thread_blocked, id=15248, stack(0x000000002c520000,0x000000002c620000)]
  0x00000000216b5800 JavaThread "stdout" [_thread_in_native, id=18384, stack(0x000000002c820000,0x000000002c920000)]
  0x00000000216b4000 JavaThread "stderr" [_thread_in_native, id=21708, stack(0x000000002c720000,0x000000002c820000)]
  0x00000000216b2800 JavaThread "pool-35-thread-1" [_thread_blocked, id=20204, stack(0x000000002c620000,0x000000002c720000)]
  0x0000000029f91800 JavaThread "WorkerExecutor Queue" [_thread_in_native, id=148, stack(0x000000002b430000,0x000000002b530000)]
  0x0000000029f90000 JavaThread "Cache worker for execution history cache (D:\AndroidStudioProject\Pro1\.gradle\6.1.1\executionHistory)" [_thread_blocked, id=24724, stack(0x000000002b330000,0x000000002b430000)]
  0x0000000029f8f800 JavaThread "Execution worker for ':' Thread 7" [_thread_blocked, id=9704, stack(0x000000002b230000,0x000000002b330000)]
  0x0000000029f8e800 JavaThread "Execution worker for ':' Thread 6" [_thread_blocked, id=17768, stack(0x000000002b130000,0x000000002b230000)]
  0x0000000029f8e000 JavaThread "Execution worker for ':' Thread 5" [_thread_in_Java, id=3380, stack(0x000000002acd0000,0x000000002add0000)]
  0x0000000029f85800 JavaThread "Execution worker for ':' Thread 4" [_thread_in_vm, id=21556, stack(0x000000002a9d0000,0x000000002aad0000)]
  0x0000000029f8c800 JavaThread "Execution worker for ':' Thread 3" [_thread_blocked, id=19660, stack(0x0000000029700000,0x0000000029800000)]
  0x0000000029f85000 JavaThread "Execution worker for ':' Thread 2" [_thread_blocked, id=24352, stack(0x0000000029600000,0x0000000029700000)]
  0x0000000029f8b800 JavaThread "Execution worker for ':'" [_thread_blocked, id=21532, stack(0x0000000029500000,0x0000000029600000)]
  0x0000000029f8b000 JavaThread "Cache worker for file content cache (D:\AndroidStudioProject\Pro1\.gradle\6.1.1\fileContent)" [_thread_blocked, id=10952, stack(0x0000000029400000,0x0000000029500000)]
  0x0000000029f87000 JavaThread "Cache worker for Build Output Cleanup Cache (D:\AndroidStudioProject\Pro1\.gradle\buildOutputCleanup)" [_thread_blocked, id=18056, stack(0x00000000276d0000,0x00000000277d0000)]
  0x0000000029f83800 JavaThread "pool-34-thread-1" [_thread_blocked, id=24696, stack(0x0000000026150000,0x0000000026250000)]
  0x0000000029f88000 JavaThread "Build operations Thread 8" [_thread_blocked, id=16124, stack(0x0000000025c50000,0x0000000025d50000)]
  0x0000000029f8a000 JavaThread "Build operations Thread 7" [_thread_blocked, id=15672, stack(0x0000000025150000,0x0000000025250000)]
  0x0000000029f86800 JavaThread "Build operations Thread 6" [_thread_blocked, id=19352, stack(0x0000000024e50000,0x0000000024f50000)]
  0x0000000029f89800 JavaThread "Build operations Thread 5" [_thread_blocked, id=12084, stack(0x0000000024750000,0x0000000024850000)]
  0x0000000029f88800 JavaThread "Build operations Thread 4" [_thread_blocked, id=22924, stack(0x0000000023dd0000,0x0000000023ed0000)]
  0x0000000029f84000 JavaThread "Build operations Thread 3" [_thread_blocked, id=6884, stack(0x00000000231d0000,0x00000000232d0000)]
  0x000000001b789000 JavaThread "Build operations Thread 2" [_thread_blocked, id=19588, stack(0x00000000210f0000,0x00000000211f0000)]
  0x000000001b785800 JavaThread "Build operations" [_thread_blocked, id=21508, stack(0x0000000020bf0000,0x0000000020cf0000)]
  0x000000001b78a800 JavaThread "Cache worker for cache directory md-rule (C:\Users\Samsung\.gradle\caches\6.1.1\md-rule)" [_thread_blocked, id=15280, stack(0x0000000020af0000,0x0000000020bf0000)]
  0x000000001b78a000 JavaThread "Cache worker for cache directory md-supplier (C:\Users\Samsung\.gradle\caches\6.1.1\md-supplier)" [_thread_blocked, id=1732, stack(0x000000001e350000,0x000000001e450000)]
  0x000000001b788800 JavaThread "Cache worker for file hash cache (D:\AndroidStudioProject\Pro1\.gradle\6.1.1\fileHashes)" [_thread_blocked, id=18244, stack(0x000000001e250000,0x000000001e350000)]
  0x000000001b787000 JavaThread "Cache worker for checksums cache (D:\AndroidStudioProject\Pro1\.gradle\checksums)" [_thread_blocked, id=24484, stack(0x000000001e050000,0x000000001e150000)]
  0x000000001b77d800 JavaThread "Thread-408" [_thread_blocked, id=16084, stack(0x000000001df50000,0x000000001e050000)]
  0x000000001b783800 JavaThread "Stdin handler" [_thread_blocked, id=17928, stack(0x000000001de50000,0x000000001df50000)]
  0x000000001b783000 JavaThread "Asynchronous log dispatcher for DefaultDaemonConnection: socket connection from /127.0.0.1:54185 to /127.0.0.1:59086" [_thread_blocked, id=4700, stack(0x000000001db50000,0x000000001dc50000)]
  0x000000001b782000 JavaThread "Daemon worker Thread 12" [_thread_blocked, id=9080, stack(0x000000001da50000,0x000000001db50000)]
  0x000000001b781800 JavaThread "Cancel handler" [_thread_blocked, id=24272, stack(0x0000000001010000,0x0000000001110000)]
  0x000000001b780800 JavaThread "Handler for socket connection from /127.0.0.1:54185 to /127.0.0.1:59086" [_thread_in_native, id=15144, stack(0x0000000000f10000,0x0000000001010000)]
  0x000000001b780000 JavaThread "Daemon Thread 12" [_thread_blocked, id=18364, stack(0x0000000000e10000,0x0000000000f10000)]
  0x0000000022103000 JavaThread "Cache worker for Java compile cache (C:\Users\Samsung\.gradle\caches\6.1.1\javaCompile)" [_thread_blocked, id=12528, stack(0x000000002b030000,0x000000002b130000)]
  0x000000001b786000 JavaThread "Cache worker for file content cache (C:\Users\Samsung\.gradle\caches\6.1.1\fileContent)" [_thread_blocked, id=16164, stack(0x0000000025b50000,0x0000000025c50000)]
  0x000000001b787800 JavaThread "Memory manager" [_thread_blocked, id=16904, stack(0x0000000025a50000,0x0000000025b50000)]
  0x000000001be6d000 JavaThread "Cache worker for execution history cache (C:\Users\Samsung\.gradle\caches\6.1.1\executionHistory)" [_thread_blocked, id=8920, stack(0x00000000232d0000,0x00000000233d0000)]
  0x000000001be67000 JavaThread "Cache worker for file hash cache (C:\Users\Samsung\.gradle\caches\6.1.1\fileHashes)" [_thread_blocked, id=14900, stack(0x000000001e850000,0x000000001e950000)]
  0x000000001be69000 JavaThread "File lock request listener" [_thread_in_native, id=23796, stack(0x000000001e750000,0x000000001e850000)]
  0x000000001bd88000 JavaThread "Cache worker for journal cache (C:\Users\Samsung\.gradle\caches\journal-1)" [_thread_blocked, id=17048, stack(0x000000001e650000,0x000000001e750000)]
  0x000000001bdcf000 JavaThread "Daemon periodic checks" [_thread_blocked, id=1872, stack(0x000000001d950000,0x000000001da50000)]
  0x000000001be73000 JavaThread "Incoming local TCP Connector on port 54185" [_thread_in_native, id=6352, stack(0x000000001d770000,0x000000001d870000)]
  0x000000001c646000 JavaThread "Daemon health stats" [_thread_blocked, id=9960, stack(0x000000001d670000,0x000000001d770000)]
  0x0000000019ff6000 JavaThread "Service Thread" daemon [_thread_blocked, id=8060, stack(0x000000001aad0000,0x000000001abd0000)]
  0x0000000019f79800 JavaThread "C1 CompilerThread3" daemon [_thread_blocked, id=15788, stack(0x000000001a9d0000,0x000000001aad0000)]
=>0x0000000019f6d800 JavaThread "C2 CompilerThread2" daemon [_thread_in_native, id=10160, stack(0x000000001a8d0000,0x000000001a9d0000)]
  0x0000000019f66000 JavaThread "C2 CompilerThread1" daemon [_thread_in_native, id=19404, stack(0x000000001a7d0000,0x000000001a8d0000)]
  0x0000000019f62800 JavaThread "C2 CompilerThread0" daemon [_thread_in_native, id=1824, stack(0x000000001a6d0000,0x000000001a7d0000)]
  0x0000000019f08000 JavaThread "Attach Listener" daemon [_thread_blocked, id=348, stack(0x000000001a5d0000,0x000000001a6d0000)]
  0x0000000019f60000 JavaThread "Signal Dispatcher" daemon [_thread_blocked, id=24548, stack(0x000000001a4d0000,0x000000001a5d0000)]
  0x00000000180f2000 JavaThread "Finalizer" daemon [_thread_blocked, id=860, stack(0x000000001a3d0000,0x000000001a4d0000)]
  0x0000000002f89000 JavaThread "Reference Handler" daemon [_thread_blocked, id=20532, stack(0x000000001a2d0000,0x000000001a3d0000)]
  0x0000000002e92800 JavaThread "main" [_thread_blocked, id=23448, stack(0x00000000029b0000,0x0000000002ab0000)]

Other Threads:
  0x00000000180e5800 VMThread [stack: 0x0000000019dd0000,0x0000000019ed0000] [id=14968]
  0x0000000019ff6800 WatcherThread [stack: 0x000000001abd0000,0x000000001acd0000] [id=22600]

VM state:not at safepoint (normal execution)

VM Mutex/Monitor currently owned by a thread: None

heap address: 0x0000000080000000, size: 2048 MB, Compressed Oops mode: 32-bit
Narrow klass base: 0x0000000000000000, Narrow klass shift: 3
Compressed class space size: 1073741824 Address: 0x0000000100000000

Heap:
 PSYoungGen      total 541184K, used 172176K [0x00000000d5580000, 0x00000000ff300000, 0x0000000100000000)
  eden space 507392K, 32% used [0x00000000d5580000,0x00000000df813fd8,0x00000000f4500000)
  from space 33792K, 16% used [0x00000000f4500000,0x00000000f4a90070,0x00000000f6600000)
  to   space 41472K, 0% used [0x00000000fca80000,0x00000000fca80000,0x00000000ff300000)
 ParOldGen       total 140800K, used 116851K [0x0000000080000000, 0x0000000088980000, 0x00000000d5580000)
  object space 140800K, 82% used [0x0000000080000000,0x000000008721cd78,0x0000000088980000)
 Metaspace       used 116997K, capacity 124054K, committed 125616K, reserved 1159168K
  class space    used 14778K, capacity 16079K, committed 16560K, reserved 1048576K

Card table byte_map: [0x0000000012440000,0x0000000012850000] byte_map_base: 0x0000000012040000

Marking Bits: (ParMarkBitMap*) 0x000000006e75f030
 Begin Bits: [0x0000000013300000, 0x0000000015300000)
 End Bits:   [0x0000000015300000, 0x0000000017300000)

Polling page: 0x00000000011a0000

CodeCache: size=245760Kb used=86918Kb max_used=87118Kb free=158842Kb
 bounds [0x0000000003080000, 0x0000000008620000, 0x0000000012080000]
 total_blobs=24273 nmethods=23314 adapters=869
 compilation: enabled

Compilation events (10 events):
Event: 14591.025 Thread 0x0000000019f79800 30842       2       com.android.tools.r8.ir.regalloc.a::a (3993 bytes)
Event: 14591.069 Thread 0x0000000019f79800 nmethod 30842 0x0000000008600690 code [0x00000000086018e0, 0x0000000008608108]
Event: 14591.102 Thread 0x0000000019f79800 30838 %     3       com.android.tools.r8.ir.conversion.N$e::a @ 15 (54 bytes)
Event: 14591.104 Thread 0x0000000019f79800 nmethod 30838% 0x0000000003f06110 code [0x0000000003f06320, 0x0000000003f06ee8]
Event: 14591.160 Thread 0x0000000019f79800 30851       3       com.android.tools.r8.ir.conversion.N$e::a (54 bytes)
Event: 14591.161 Thread 0x0000000019f79800 nmethod 30851 0x0000000008504fd0 code [0x00000000085051e0, 0x0000000008505d08]
Event: 14591.244 Thread 0x0000000019f79800 30839 %     3       com.android.tools.r8.u.b.Q0::d @ 14 (46 bytes)
Event: 14591.245 Thread 0x0000000019f79800 nmethod 30839% 0x00000000053d7c10 code [0x00000000053d7de0, 0x00000000053d8528]
Event: 14591.309 Thread 0x0000000019f79800 30805       2       com.android.tools.r8.ir.conversion.t::<init> (5 bytes)
Event: 14591.310 Thread 0x0000000019f79800 nmethod 30805 0x0000000004648e50 code [0x0000000004648fa0, 0x00000000046490f0]

GC Heap History (10 events):
Event: 14422.335 GC heap before
{Heap before GC invocations=46 (full 5):
 PSYoungGen      total 480768K, used 466033K [0x00000000d5580000, 0x00000000f5680000, 0x0000000100000000)
  eden space 452608K, 100% used [0x00000000d5580000,0x00000000f0f80000,0x00000000f0f80000)
  from space 28160K, 47% used [0x00000000f3b00000,0x00000000f481c608,0x00000000f5680000)
  to   space 36352K, 0% used [0x00000000f0f80000,0x00000000f0f80000,0x00000000f3300000)
 ParOldGen       total 140800K, used 73659K [0x0000000080000000, 0x0000000088980000, 0x00000000d5580000)
  object space 140800K, 52% used [0x0000000080000000,0x00000000847eed88,0x0000000088980000)
 Metaspace       used 116208K, capacity 122856K, committed 124976K, reserved 1157120K
  class space    used 14701K, capacity 15918K, committed 16432K, reserved 1048576K
Event: 14422.826 GC heap after
Heap after GC invocations=46 (full 5):
 PSYoungGen      total 488960K, used 11242K [0x00000000d5580000, 0x00000000f8a80000, 0x0000000100000000)
  eden space 452608K, 0% used [0x00000000d5580000,0x00000000d5580000,0x00000000f0f80000)
  from space 36352K, 30% used [0x00000000f0f80000,0x00000000f1a7a9c8,0x00000000f3300000)
  to   space 34304K, 0% used [0x00000000f6900000,0x00000000f6900000,0x00000000f8a80000)
 ParOldGen       total 140800K, used 77855K [0x0000000080000000, 0x0000000088980000, 0x00000000d5580000)
  object space 140800K, 55% used [0x0000000080000000,0x0000000084c07c20,0x0000000088980000)
 Metaspace       used 116208K, capacity 122856K, committed 124976K, reserved 1157120K
  class space    used 14701K, capacity 15918K, committed 16432K, reserved 1048576K
}
Event: 14570.610 GC heap before
{Heap before GC invocations=47 (full 5):
 PSYoungGen      total 488960K, used 463849K [0x00000000d5580000, 0x00000000f8a80000, 0x0000000100000000)
  eden space 452608K, 99% used [0x00000000d5580000,0x00000000f0f7fa58,0x00000000f0f80000)
  from space 36352K, 30% used [0x00000000f0f80000,0x00000000f1a7a9c8,0x00000000f3300000)
  to   space 34304K, 0% used [0x00000000f6900000,0x00000000f6900000,0x00000000f8a80000)
 ParOldGen       total 140800K, used 77855K [0x0000000080000000, 0x0000000088980000, 0x00000000d5580000)
  object space 140800K, 55% used [0x0000000080000000,0x0000000084c07c20,0x0000000088980000)
 Metaspace       used 116816K, capacity 123820K, committed 125360K, reserved 1159168K
  class space    used 14770K, capacity 16068K, committed 16560K, reserved 1048576K
Event: 14571.574 GC heap after
Heap after GC invocations=47 (full 5):
 PSYoungGen      total 538112K, used 16837K [0x00000000d5580000, 0x00000000f8700000, 0x0000000100000000)
  eden space 507392K, 0% used [0x00000000d5580000,0x00000000d5580000,0x00000000f4500000)
  from space 30720K, 54% used [0x00000000f6900000,0x00000000f7971590,0x00000000f8700000)
  to   space 33792K, 0% used [0x00000000f4500000,0x00000000f4500000,0x00000000f6600000)
 ParOldGen       total 140800K, used 79679K [0x0000000080000000, 0x0000000088980000, 0x00000000d5580000)
  object space 140800K, 56% used [0x0000000080000000,0x0000000084dcfcb0,0x0000000088980000)
 Metaspace       used 116816K, capacity 123820K, committed 125360K, reserved 1159168K
  class space    used 14770K, capacity 16068K, committed 16560K, reserved 1048576K
}
Event: 14581.990 GC heap before
{Heap before GC invocations=48 (full 5):
 PSYoungGen      total 538112K, used 524229K [0x00000000d5580000, 0x00000000f8700000, 0x0000000100000000)
  eden space 507392K, 100% used [0x00000000d5580000,0x00000000f4500000,0x00000000f4500000)
  from space 30720K, 54% used [0x00000000f6900000,0x00000000f7971590,0x00000000f8700000)
  to   space 33792K, 0% used [0x00000000f4500000,0x00000000f4500000,0x00000000f6600000)
 ParOldGen       total 140800K, used 79679K [0x0000000080000000, 0x0000000088980000, 0x00000000d5580000)
  object space 140800K, 56% used [0x0000000080000000,0x0000000084dcfcb0,0x0000000088980000)
 Metaspace       used 116892K, capacity 123946K, committed 125616K, reserved 1159168K
  class space    used 14774K, capacity 16075K, committed 16560K, reserved 1048576K
Event: 14582.320 GC heap after
Heap after GC invocations=48 (full 5):
 PSYoungGen      total 541184K, used 33769K [0x00000000d5580000, 0x00000000f8700000, 0x0000000100000000)
  eden space 507392K, 0% used [0x00000000d5580000,0x00000000d5580000,0x00000000f4500000)
  from space 33792K, 99% used [0x00000000f4500000,0x00000000f65fa598,0x00000000f6600000)
  to   space 30720K, 0% used [0x00000000f6900000,0x00000000f6900000,0x00000000f8700000)
 ParOldGen       total 140800K, used 90928K [0x0000000080000000, 0x0000000088980000, 0x00000000d5580000)
  object space 140800K, 64% used [0x0000000080000000,0x00000000858cc308,0x0000000088980000)
 Metaspace       used 116892K, capacity 123946K, committed 125616K, reserved 1159168K
  class space    used 14774K, capacity 16075K, committed 16560K, reserved 1048576K
}
Event: 14586.281 GC heap before
{Heap before GC invocations=49 (full 5):
 PSYoungGen      total 541184K, used 541161K [0x00000000d5580000, 0x00000000f8700000, 0x0000000100000000)
  eden space 507392K, 100% used [0x00000000d5580000,0x00000000f4500000,0x00000000f4500000)
  from space 33792K, 99% used [0x00000000f4500000,0x00000000f65fa598,0x00000000f6600000)
  to   space 30720K, 0% used [0x00000000f6900000,0x00000000f6900000,0x00000000f8700000)
 ParOldGen       total 140800K, used 90928K [0x0000000080000000, 0x0000000088980000, 0x00000000d5580000)
  object space 140800K, 64% used [0x0000000080000000,0x00000000858cc308,0x0000000088980000)
 Metaspace       used 116952K, capacity 123978K, committed 125616K, reserved 1159168K
  class space    used 14776K, capacity 16077K, committed 16560K, reserved 1048576K
Event: 14587.019 GC heap after
Heap after GC invocations=49 (full 5):
 PSYoungGen      total 538112K, used 6640K [0x00000000d5580000, 0x00000000f8700000, 0x0000000100000000)
  eden space 507392K, 0% used [0x00000000d5580000,0x00000000d5580000,0x00000000f4500000)
  from space 30720K, 21% used [0x00000000f6900000,0x00000000f6f7c030,0x00000000f8700000)
  to   space 33792K, 0% used [0x00000000f4500000,0x00000000f4500000,0x00000000f6600000)
 ParOldGen       total 140800K, used 111732K [0x0000000080000000, 0x0000000088980000, 0x00000000d5580000)
  object space 140800K, 79% used [0x0000000080000000,0x0000000086d1d028,0x0000000088980000)
 Metaspace       used 116952K, capacity 123978K, committed 125616K, reserved 1159168K
  class space    used 14776K, capacity 16077K, committed 16560K, reserved 1048576K
}
Event: 14590.532 GC heap before
{Heap before GC invocations=50 (full 5):
 PSYoungGen      total 538112K, used 514032K [0x00000000d5580000, 0x00000000f8700000, 0x0000000100000000)
  eden space 507392K, 100% used [0x00000000d5580000,0x00000000f4500000,0x00000000f4500000)
  from space 30720K, 21% used [0x00000000f6900000,0x00000000f6f7c030,0x00000000f8700000)
  to   space 33792K, 0% used [0x00000000f4500000,0x00000000f4500000,0x00000000f6600000)
 ParOldGen       total 140800K, used 111732K [0x0000000080000000, 0x0000000088980000, 0x00000000d5580000)
  object space 140800K, 79% used [0x0000000080000000,0x0000000086d1d028,0x0000000088980000)
 Metaspace       used 116992K, capacity 124048K, committed 125616K, reserved 1159168K
  class space    used 14778K, capacity 16078K, committed 16560K, reserved 1048576K
Event: 14590.650 GC heap after
Heap after GC invocations=50 (full 5):
 PSYoungGen      total 541184K, used 5696K [0x00000000d5580000, 0x00000000ff300000, 0x0000000100000000)
  eden space 507392K, 0% used [0x00000000d5580000,0x00000000d5580000,0x00000000f4500000)
  from space 33792K, 16% used [0x00000000f4500000,0x00000000f4a90070,0x00000000f6600000)
  to   space 41472K, 0% used [0x00000000fca80000,0x00000000fca80000,0x00000000ff300000)
 ParOldGen       total 140800K, used 116851K [0x0000000080000000, 0x0000000088980000, 0x00000000d5580000)
  object space 140800K, 82% used [0x0000000080000000,0x000000008721cd78,0x0000000088980000)
 Metaspace       used 116992K, capacity 124048K, committed 125616K, reserved 1159168K
  class space    used 14778K, capacity 16078K, committed 16560K, reserved 1048576K
}

Deoptimization events (10 events):
Event: 14587.796 Thread 0x0000000029f8e800 Uncommon trap: reason=array_check action=maybe_recompile pc=0x0000000006d676e4 method=java.util.TimSort.mergeHi(IIII)V @ 524
Event: 14587.796 Thread 0x0000000029f8e800 Uncommon trap: reason=array_check action=maybe_recompile pc=0x0000000006d676e4 method=java.util.TimSort.mergeHi(IIII)V @ 524
Event: 14587.796 Thread 0x0000000029f8e800 Uncommon trap: reason=array_check action=maybe_recompile pc=0x0000000005b0befc method=java.util.TimSort.mergeLo(IIII)V @ 468
Event: 14587.932 Thread 0x00000000216b6000 Uncommon trap: reason=array_check action=maybe_recompile pc=0x0000000005b0c010 method=java.util.TimSort.mergeLo(IIII)V @ 133
Event: 14587.933 Thread 0x00000000216b6000 Uncommon trap: reason=array_check action=maybe_recompile pc=0x0000000005b0befc method=java.util.TimSort.mergeLo(IIII)V @ 468
Event: 14588.068 Thread 0x00000000216ba800 Uncommon trap: reason=array_check action=maybe_recompile pc=0x0000000006e0ffec method=java.util.TimSort.mergeHi(IIII)V @ 250
Event: 14588.099 Thread 0x0000000029f85800 Uncommon trap: reason=unstable_if action=reinterpret pc=0x0000000007be9a74 method=com.android.tools.r8.ir.regalloc.a.a(Lcom/android/tools/r8/ir/regalloc/b;)V @ 81
Event: 14588.338 Thread 0x0000000029f8e000 Uncommon trap: reason=unstable_if action=reinterpret pc=0x000000000837a098 method=com.android.tools.r8.ir.regalloc.b.a(Lcom/android/tools/r8/ir/regalloc/a;)V @ 177
Event: 14589.411 Thread 0x0000000029f85800 Uncommon trap: reason=unstable_if action=reinterpret pc=0x000000000847e500 method=com.android.tools.r8.ir.conversion.o.<init>(Lcom/android/tools/r8/graph/l;Ljava/util/List;Lcom/android/tools/r8/graph/T;Lcom/android/tools/r8/graph/Z;Lcom/android/tools/r8/u
Event: 14590.469 Thread 0x0000000029f85800 Uncommon trap: reason=unstable_if action=reinterpret pc=0x00000000085181fc method=com.android.tools.r8.ir.regalloc.a.a(Lcom/android/tools/r8/ir/regalloc/a$a;Z)Lcom/android/tools/r8/ir/regalloc/a$a; @ 838

Classes redefined (0 events):
No events

Internal exceptions (10 events):
Event: 14585.831 Thread 0x0000000029f8f800 Exception <a 'sun/nio/fs/WindowsException'> (0x00000000e8d4d1d8) thrown at [C:\src\AOSP-openjdk-git\hotspot\src\share\vm\prims\jni.cpp, line 710]
Event: 14587.695 Thread 0x00000000216b9000 Exception <a 'sun/nio/fs/WindowsException'> (0x00000000d79d8af8) thrown at [C:\src\AOSP-openjdk-git\hotspot\src\share\vm\prims\jni.cpp, line 710]
Event: 14587.770 Thread 0x00000000216b9000 Exception <a 'sun/nio/fs/WindowsException'> (0x00000000d9a55638) thrown at [C:\src\AOSP-openjdk-git\hotspot\src\share\vm\prims\jni.cpp, line 710]
Event: 14587.775 Thread 0x00000000216b9000 Exception <a 'sun/nio/fs/WindowsException'> (0x00000000da6b3b88) thrown at [C:\src\AOSP-openjdk-git\hotspot\src\share\vm\prims\jni.cpp, line 710]
Event: 14587.928 Thread 0x0000000029f8e800 Exception <a 'sun/nio/fs/WindowsException'> (0x00000000dbedfba8) thrown at [C:\src\AOSP-openjdk-git\hotspot\src\share\vm\prims\jni.cpp, line 710]
Event: 14588.159 Thread 0x0000000029f85000 Exception <a 'sun/nio/fs/WindowsException'> (0x00000000e2dfbd18) thrown at [C:\src\AOSP-openjdk-git\hotspot\src\share\vm\prims\jni.cpp, line 710]
Event: 14588.744 Thread 0x0000000029f8b800 Exception <a 'sun/nio/fs/WindowsException'> (0x00000000d59e6e70) thrown at [C:\src\AOSP-openjdk-git\hotspot\src\share\vm\prims\jni.cpp, line 710]
Event: 14588.898 Thread 0x0000000029f8b800 Exception <a 'sun/nio/fs/WindowsException'> (0x00000000e8f02498) thrown at [C:\src\AOSP-openjdk-git\hotspot\src\share\vm\prims\jni.cpp, line 710]
Event: 14589.547 Thread 0x00000000216b7800 Exception <a 'sun/nio/fs/WindowsException'> (0x00000000ed0ca5d0) thrown at [C:\src\AOSP-openjdk-git\hotspot\src\share\vm\prims\jni.cpp, line 710]
Event: 14590.446 Thread 0x00000000220f7000 Exception <a 'sun/nio/fs/WindowsException'> (0x00000000f37ee228) thrown at [C:\src\AOSP-openjdk-git\hotspot\src\share\vm\prims\jni.cpp, line 710]

Events (10 events):
Event: 14591.266 Thread 0x0000000029f85800 DEOPT UNPACKING pc=0x00000000030c75d0 sp=0x000000002aacaba8 mode 0
Event: 14591.271 Thread 0x0000000019f79800 flushing nmethod 0x0000000007419bd0
Event: 14591.316 Thread 0x0000000029f85800 DEOPT PACKING pc=0x0000000006d97d9e sp=0x000000002aacaa10
Event: 14591.316 Thread 0x0000000029f85800 DEOPT UNPACKING pc=0x00000000030c75d0 sp=0x000000002aacad18 mode 0
Event: 14591.344 Thread 0x0000000029f85800 DEOPT PACKING pc=0x0000000006e9821d sp=0x000000002aacada0
Event: 14591.347 Thread 0x0000000029f8e000 DEOPT PACKING pc=0x000000000665c53f sp=0x000000002adca9b0
Event: 14591.347 Thread 0x0000000029f8e000 DEOPT UNPACKING pc=0x00000000030c75d0 sp=0x000000002adca7c0 mode 0
Event: 14591.348 Thread 0x0000000029f85800 DEOPT UNPACKING pc=0x00000000030c75d0 sp=0x000000002aacaac0 mode 0
Event: 14591.362 Thread 0x0000000019f79800 flushing nmethod 0x0000000008166a90
Event: 14591.362 Thread 0x0000000019f79800 flushing nmethod 0x00000000081681d0


Dynamic libraries:
0x00007ff721430000 - 0x00007ff721461000 	C:\Program Files\Android\Android Studio\jre\bin\java.exe
0x00007ffc12280000 - 0x00007ffc12470000 	C:\WINDOWS\SYSTEM32\ntdll.dll
0x00007ffc10f40000 - 0x00007ffc10ff2000 	C:\WINDOWS\System32\KERNEL32.DLL
0x00007ffc0f840000 - 0x00007ffc0fae4000 	C:\WINDOWS\System32\KERNELBASE.dll
0x00007ffc10840000 - 0x00007ffc108e3000 	C:\WINDOWS\System32\ADVAPI32.dll
0x00007ffc10c60000 - 0x00007ffc10cfe000 	C:\WINDOWS\System32\msvcrt.dll
0x00007ffc10b10000 - 0x00007ffc10ba7000 	C:\WINDOWS\System32\sechost.dll
0x00007ffc11be0000 - 0x00007ffc11d00000 	C:\WINDOWS\System32\RPCRT4.dll
0x00007ffc10da0000 - 0x00007ffc10f35000 	C:\WINDOWS\System32\USER32.dll
0x00007ffc0fb70000 - 0x00007ffc0fb91000 	C:\WINDOWS\System32\win32u.dll
0x00007ffc106c0000 - 0x00007ffc106e6000 	C:\WINDOWS\System32\GDI32.dll
0x00007ffc0f5a0000 - 0x00007ffc0f736000 	C:\WINDOWS\System32\gdi32full.dll
0x00007ffc0f200000 - 0x00007ffc0f29e000 	C:\WINDOWS\System32\msvcp_win.dll
0x00007ffc0f740000 - 0x00007ffc0f83a000 	C:\WINDOWS\System32\ucrtbase.dll
0x00007ffbfbee0000 - 0x00007ffbfc164000 	C:\WINDOWS\WinSxS\amd64_microsoft.windows.common-controls_6595b64144ccf1df_6.0.18362.1016_none_9e7a36bbe461dae4\COMCTL32.dll
0x00007ffc11840000 - 0x00007ffc11b75000 	C:\WINDOWS\System32\combase.dll
0x00007ffc0faf0000 - 0x00007ffc0fb70000 	C:\WINDOWS\System32\bcryptPrimitives.dll
0x00007ffc10d00000 - 0x00007ffc10d2e000 	C:\WINDOWS\System32\IMM32.DLL
0x000000006eb00000 - 0x000000006ebd2000 	C:\Program Files\Android\Android Studio\jre\jre\bin\msvcr100.dll
0x000000006df90000 - 0x000000006e7db000 	C:\Program Files\Android\Android Studio\jre\jre\bin\server\jvm.dll
0x00007ffc107c0000 - 0x00007ffc107c8000 	C:\WINDOWS\System32\PSAPI.DLL
0x00007ffc086e0000 - 0x00007ffc08704000 	C:\WINDOWS\SYSTEM32\WINMM.dll
0x00007ffc07580000 - 0x00007ffc0758a000 	C:\WINDOWS\SYSTEM32\VERSION.dll
0x00007ffbfbd30000 - 0x00007ffbfbd39000 	C:\WINDOWS\SYSTEM32\WSOCK32.dll
0x00007ffc10d30000 - 0x00007ffc10d9f000 	C:\WINDOWS\System32\WS2_32.dll
0x00007ffc086b0000 - 0x00007ffc086dd000 	C:\WINDOWS\SYSTEM32\winmmbase.dll
0x00007ffc0f2a0000 - 0x00007ffc0f2ea000 	C:\WINDOWS\System32\cfgmgr32.dll
0x00007ffbf5850000 - 0x00007ffbf585f000 	C:\Program Files\Android\Android Studio\jre\jre\bin\verify.dll
0x00007ffbe3e00000 - 0x00007ffbe3e29000 	C:\Program Files\Android\Android Studio\jre\jre\bin\java.dll
0x00007ffbe5fb0000 - 0x00007ffbe5fc6000 	C:\Program Files\Android\Android Studio\jre\jre\bin\zip.dll
0x00007ffc110d0000 - 0x00007ffc117b7000 	C:\WINDOWS\System32\SHELL32.dll
0x00007ffc10710000 - 0x00007ffc107b9000 	C:\WINDOWS\System32\shcore.dll
0x00007ffc0fba0000 - 0x00007ffc10322000 	C:\WINDOWS\System32\windows.storage.dll
0x00007ffc0f1d0000 - 0x00007ffc0f1f3000 	C:\WINDOWS\System32\profapi.dll
0x00007ffc0f180000 - 0x00007ffc0f1ca000 	C:\WINDOWS\System32\powrprof.dll
0x00007ffc0f130000 - 0x00007ffc0f140000 	C:\WINDOWS\System32\UMPDC.dll
0x00007ffc11b80000 - 0x00007ffc11bd2000 	C:\WINDOWS\System32\shlwapi.dll
0x00007ffc0f140000 - 0x00007ffc0f151000 	C:\WINDOWS\System32\kernel.appcore.dll
0x00007ffc0f550000 - 0x00007ffc0f567000 	C:\WINDOWS\System32\cryptsp.dll
0x00007ffbe52f0000 - 0x00007ffbe530a000 	C:\Program Files\Android\Android Studio\jre\jre\bin\net.dll
0x00007ffc0e970000 - 0x00007ffc0e9d7000 	C:\WINDOWS\system32\mswsock.dll
0x00007ffbe4c40000 - 0x00007ffbe4c53000 	C:\Program Files\Android\Android Studio\jre\jre\bin\nio.dll
0x00007ffbda170000 - 0x00007ffbda196000 	C:\Users\Samsung\.gradle\native\31\windows-amd64\native-platform.dll
0x00007ffbf55a0000 - 0x00007ffbf55ad000 	C:\Program Files\Android\Android Studio\jre\jre\bin\management.dll
0x00007ffc0e460000 - 0x00007ffc0e493000 	C:\WINDOWS\system32\rsaenh.dll
0x00007ffc0f570000 - 0x00007ffc0f596000 	C:\WINDOWS\System32\bcrypt.dll
0x00007ffc0f050000 - 0x00007ffc0f075000 	C:\WINDOWS\SYSTEM32\USERENV.dll
0x00007ffc0eb60000 - 0x00007ffc0eb6c000 	C:\WINDOWS\SYSTEM32\CRYPTBASE.dll
0x00007ffc0e670000 - 0x00007ffc0e6aa000 	C:\WINDOWS\SYSTEM32\IPHLPAPI.DLL
0x00007ffc10390000 - 0x00007ffc10398000 	C:\WINDOWS\System32\NSI.dll
0x00007ffc02f70000 - 0x00007ffc02f86000 	C:\WINDOWS\SYSTEM32\dhcpcsvc6.DLL
0x00007ffc036a0000 - 0x00007ffc036bc000 	C:\WINDOWS\SYSTEM32\dhcpcsvc.DLL
0x00007ffc0e6b0000 - 0x00007ffc0e77b000 	C:\WINDOWS\SYSTEM32\DNSAPI.dll
0x00007ffbdf3b0000 - 0x00007ffbdf3d4000 	C:\Program Files\Android\Android Studio\jre\jre\bin\sunec.dll
0x00007ffbfd3b0000 - 0x00007ffbfd3ba000 	C:\Windows\System32\rasadhlp.dll
0x00007ffbff090000 - 0x00007ffbff107000 	C:\WINDOWS\System32\fwpuclnt.dll
0x00007ffbf9450000 - 0x00007ffbf945b000 	C:\Program Files\Android\Android Studio\jre\jre\bin\sunmscapi.dll
0x00007ffc0f2f0000 - 0x00007ffc0f439000 	C:\WINDOWS\System32\CRYPT32.dll
0x00007ffc0f160000 - 0x00007ffc0f172000 	C:\WINDOWS\System32\MSASN1.dll
0x00007ffc0e140000 - 0x00007ffc0e171000 	C:\WINDOWS\SYSTEM32\ntmarta.dll

VM Arguments:
jvm_args: -Xmx2048m -Dfile.encoding=x-windows-949 -Duser.country=KR -Duser.language=ko -Duser.variant 
java_command: org.gradle.launcher.daemon.bootstrap.GradleDaemon 6.1.1
java_class_path (initial): C:\Users\Samsung\.gradle\wrapper\dists\gradle-6.1.1-all\cfmwm155h49vnt3hynmlrsdst\gradle-6.1.1\lib\gradle-launcher-6.1.1.jar
Launcher Type: SUN_STANDARD

Environment Variables:
JAVA_HOME=C:\Program Files\Java\jdk1.8.0_91
PATH=D:\dk\app\oracle\product\11.2.0\server\bin;;C:\ProgramData\Oracle\Java\javapath;C:\Program Files (x86)\Intel\Intel(R) Management Engine Components\iCLS\;C:\Program Files\Intel\Intel(R) Management Engine Components\iCLS\;C:\windows\system32;C:\windows;C:\windows\System32\Wbem;C:\windows\System32\WindowsPowerShell\v1.0\;C:\Program Files (x86)\NVIDIA Corporation\PhysX\Common;C:\Program Files (x86)\Intel\Intel(R) Management Engine Components\DAL;C:\Program Files\Intel\Intel(R) Management Engine Components\DAL;C:\Program Files (x86)\Intel\Intel(R) Management Engine Components\IPT;C:\Program Files\Intel\Intel(R) Management Engine Components\IPT;C:\WINDOWS\system32;C:\WINDOWS;C:\WINDOWS\System32\Wbem;C:\WINDOWS\System32\WindowsPowerShell\v1.0\;C:\WINDOWS\System32\OpenSSH\;C:\Program Files\dotnet\;C:\Program Files\Java\jdk1.8.0_91\bin;C:\Bitnami\wampstack-7.1.26-1\mysql\bin;C:\Program Files\Git\cmd;C:\Program Files\nodejs\;C:\APM_Setup\Server\Apache\bin;C:\APM_Setup\Server\MySQL5\bin;C:\APM_Setup\Server\PHP5;C:\Users\Samsung\AppData\Local\Programs\Python\Python37-32\Scripts\;C:\Users\Samsung\AppData\Local\Programs\Python\Python37-32\;C:\Users\Samsung\AppData\Local\Microsoft\WindowsApps;C:\Program Files\Bandizip\;C:\Program Files\JetBrains\PyCharm Community Edition 2018.3.5\bin;;C:\Users\Samsung\AppData\Local\Programs\Microsoft VS Code\bin;C:\Users\Samsung\AppData\Roaming\npm;C:\OpenSSL-Win64\bin;
USERNAME=Samsung
OS=Windows_NT
PROCESSOR_IDENTIFIER=Intel64 Family 6 Model 142 Stepping 10, GenuineIntel



---------------  S Y S T E M  ---------------

OS: Windows 10.0 , 64 bit Build 18362 (10.0.18362.959)

CPU:total 8 (initial active 8) (4 cores per cpu, 2 threads per core) family 6 model 142 stepping 10, cmov, cx8, fxsr, mmx, sse, sse2, sse3, ssse3, sse4.1, sse4.2, popcnt, avx, avx2, aes, clmul, erms, 3dnowpref, lzcnt, ht, tsc, tscinvbit, bmi1, bmi2, adx

Memory: 4k page, physical 4107416k(177720k free), swap 12299416k(5596k free)

vm_info: OpenJDK 64-Bit Server VM (25.242-b01) for windows-amd64 JRE (1.8.0_242-release-1644-b01), built by "builder" with MS VC++ 10.0 (VS2010)

time: Sun Aug 23 21:15:31 2020
timezone: 대한민국 표준시
elapsed time: 14591 seconds (0d 4h 3m 11s)

